<?xml version="1.0" encoding="UTF-8"?>
<testsuites>
  <testsuite name="coxTBF" timestamp="2024-12-28T21:20:11Z" hostname="1a71bc138865" tests="7" skipped="0" failures="0" errors="0" time="6.098">
    <testcase time="1.487" classname="coxTBF" name="coxTBF_works_with_uc_terms"/>
    <testcase time="1.246" classname="coxTBF" name="coxTBF_works_with_bfp_terms"/>
    <testcase time="0.561" classname="coxTBF" name="coxTBF_works_with_globalEB"/>
    <testcase time="0.236" classname="coxTBF" name="coxTBF_works_with_BIC"/>
    <testcase time="1.012" classname="coxTBF" name="coxTBF_works_with_type_BMA"/>
    <testcase time="0.699" classname="coxTBF" name="coxTBF_works_with_type_MPM"/>
    <testcase time="0.857" classname="coxTBF" name="coxTBF_works_with_type_MAP"/>
  </testsuite>
  <testsuite name="evalZdensity" timestamp="2024-12-28T21:20:17Z" hostname="1a71bc138865" tests="2" skipped="0" failures="0" errors="0" time="0.527">
    <testcase time="0.0279999999999996" classname="evalZdensity" name="evalZdensity_works"/>
    <testcase time="0.499000000000001" classname="evalZdensity" name="evalZdensity_works"/>
  </testsuite>
  <testsuite name="glmBayesMfp" timestamp="2024-12-28T21:20:17Z" hostname="1a71bc138865" tests="8" skipped="0" failures="0" errors="0" time="1.029">
    <testcase time="0.0229999999999997" classname="glmBayesMfp" name="glmBayesMfp_works_with_bfp"/>
    <testcase time="0.495" classname="glmBayesMfp" name="glmBayesMfp_works_with_bfp"/>
    <testcase time="0.00200000000000067" classname="glmBayesMfp" name="glmBayesMfp_works_with_bfp"/>
    <testcase time="0.00399999999999956" classname="glmBayesMfp" name="glmBayesMfp_works_with_bfp"/>
    <testcase time="0.00900000000000034" classname="glmBayesMfp" name="glmBayesMfp_works_with_marginal_likelihood"/>
    <testcase time="0.49" classname="glmBayesMfp" name="glmBayesMfp_works_with_marginal_likelihood"/>
    <testcase time="0.00199999999999889" classname="glmBayesMfp" name="glmBayesMfp_works_with_marginal_likelihood"/>
    <testcase time="0.00399999999999956" classname="glmBayesMfp" name="glmBayesMfp_works_with_marginal_likelihood"/>
  </testsuite>
  <testsuite name="hpds" timestamp="2024-12-28T21:20:18Z" hostname="1a71bc138865" tests="3" skipped="0" failures="0" errors="0" time="0.47">
    <testcase time="0.143000000000001" classname="hpds" name="empiricalHpd_works"/>
    <testcase time="0.323" classname="hpds" name="scrHpd_works"/>
    <testcase time="0.00399999999999956" classname="hpds" name="scrHpd_works"/>
  </testsuite>
  <testsuite name="optimization" timestamp="2024-12-28T21:20:19Z" hostname="1a71bc138865" tests="4" skipped="0" failures="0" errors="0" time="0.044">
    <testcase time="0.0359999999999996" classname="optimization" name="optimization_routines_work_correctly"/>
    <testcase time="0.00300000000000011" classname="optimization" name="optimization_routines_work_correctly"/>
    <testcase time="0.00300000000000011" classname="optimization" name="optimization_routines_work_correctly"/>
    <testcase time="0.00200000000000067" classname="optimization" name="optimization_routines_work_correctly"/>
  </testsuite>
  <testsuite name="predictCoxTBF" timestamp="2024-12-28T21:20:19Z" hostname="1a71bc138865" tests="3" skipped="0" failures="0" errors="0" time="1.26">
    <testcase time="0.885" classname="predictCoxTBF" name="coxTBF_works_with_uc_terms"/>
    <testcase time="0.35" classname="predictCoxTBF" name="predict_works_with_coxTBF_with_sep_TRUE"/>
    <testcase time="0.0250000000000004" classname="predictCoxTBF" name="predict.TBFcox.BMA_works"/>
  </testsuite>
  <testsuite name="sampleGlm" timestamp="2024-12-28T21:20:20Z" hostname="1a71bc138865" tests="4" skipped="0" failures="0" errors="0" time="0.658">
    <testcase time="0.00999999999999979" classname="sampleGlm" name="sampleGlm_works_with_default_arguments"/>
    <testcase time="0.641999999999999" classname="sampleGlm" name="sampleGlm_works_with_default_arguments"/>
    <testcase time="0.00300000000000011" classname="sampleGlm" name="sampleGlm_works_with_default_arguments"/>
    <testcase time="0.00300000000000011" classname="sampleGlm" name="sampleGlm_works_with_default_arguments"/>
  </testsuite>
  <testsuite name="testCox" timestamp="2024-12-28T21:20:21Z" hostname="1a71bc138865" tests="3" skipped="0" failures="0" errors="0" time="0.022">
    <testcase time="0.0169999999999995" classname="testCox" name="testCox_works"/>
    <testcase time="0.00200000000000067" classname="testCox" name="testCox_works"/>
    <testcase time="0.00300000000000011" classname="testCox" name="testCox_works"/>
  </testsuite>
</testsuites>
