<?xml version="1.0" encoding="UTF-8"?>
<testsuites>
  <testsuite name="coxTBF" timestamp="2024-10-10T21:52:17Z" hostname="434063606bc3" tests="7" skipped="0" failures="0" errors="1" time="6.097">
    <testcase time="1.455" classname="coxTBF" name="coxTBF_works_with_uc_terms"/>
    <testcase time="1.29" classname="coxTBF" name="coxTBF_works_with_bfp_terms"/>
    <testcase time="0.428" classname="coxTBF" name="coxTBF_works_with_globalEB"/>
    <testcase time="0.242" classname="coxTBF" name="coxTBF_works_with_BIC"/>
    <testcase time="0.887" classname="coxTBF" name="coxTBF_works_with_type_BMA">
      <error type="error" message="Error in `rms::cph(formula(model.formula), data = new.data, surv = TRUE,  ('test-coxTBF.R:80:3')">Error in `rms::cph(formula(model.formula), data = new.data, surv = TRUE, 
    se.fit = FALSE, y = TRUE, x = TRUE)`: object 'n' not found
Backtrace:
    x
 1. +-base::suppressWarnings(...) at test-coxTBF.R:80:3
 2. | \-base::withCallingHandlers(...)
 3. \-glmBfp::coxTBF(...)
 4.   \-rms::cph(...)</error>
    </testcase>
    <testcase time="0.912" classname="coxTBF" name="coxTBF_works_with_type_MPM"/>
    <testcase time="0.883" classname="coxTBF" name="coxTBF_works_with_type_MAP"/>
  </testsuite>
  <testsuite name="glmBayesMfp" timestamp="2024-10-10T21:52:23Z" hostname="434063606bc3" tests="8" skipped="0" failures="0" errors="0" time="1.081">
    <testcase time="0.0260000000000007" classname="glmBayesMfp" name="glmBayesMfp_works_with_bfp"/>
    <testcase time="0.515" classname="glmBayesMfp" name="glmBayesMfp_works_with_bfp"/>
    <testcase time="0.00300000000000011" classname="glmBayesMfp" name="glmBayesMfp_works_with_bfp"/>
    <testcase time="0.00399999999999956" classname="glmBayesMfp" name="glmBayesMfp_works_with_bfp"/>
    <testcase time="0.0120000000000005" classname="glmBayesMfp" name="glmBayesMfp_works_with_marginal_likelihood"/>
    <testcase time="0.515" classname="glmBayesMfp" name="glmBayesMfp_works_with_marginal_likelihood"/>
    <testcase time="0.00200000000000067" classname="glmBayesMfp" name="glmBayesMfp_works_with_marginal_likelihood"/>
    <testcase time="0.00399999999999956" classname="glmBayesMfp" name="glmBayesMfp_works_with_marginal_likelihood"/>
  </testsuite>
  <testsuite name="optimization" timestamp="2024-10-10T21:52:24Z" hostname="434063606bc3" tests="4" skipped="0" failures="0" errors="0" time="0.054">
    <testcase time="0.0459999999999994" classname="optimization" name="optimization_routines_work_correctly"/>
    <testcase time="0.00200000000000067" classname="optimization" name="optimization_routines_work_correctly"/>
    <testcase time="0.00300000000000011" classname="optimization" name="optimization_routines_work_correctly"/>
    <testcase time="0.00300000000000011" classname="optimization" name="optimization_routines_work_correctly"/>
  </testsuite>
  <testsuite name="predictCoxTBF" timestamp="2024-10-10T21:52:24Z" hostname="434063606bc3" tests="3" skipped="0" failures="0" errors="1" time="1.117">
    <testcase time="0.733000000000001" classname="predictCoxTBF" name="coxTBF_works_with_uc_terms"/>
    <testcase time="0.353" classname="predictCoxTBF" name="predict_works_with_coxTBF_with_sep_TRUE"/>
    <testcase time="0.0310000000000006" classname="predictCoxTBF" name="predict.TBFcox.BMA_works">
      <error type="error" message="Error in `rms::cph(formula(model.formula), data = new.data, surv = TRUE,  ('test-predictCoxTBF.R:59:3')">Error in `rms::cph(formula(model.formula), data = new.data, surv = TRUE, 
    se.fit = FALSE, y = TRUE, x = TRUE)`: object 'n' not found
Backtrace:
    x
 1. +-base::suppressWarnings(...) at test-predictCoxTBF.R:59:3
 2. | \-base::withCallingHandlers(...)
 3. \-glmBfp::coxTBF(...)
 4.   \-rms::cph(...)</error>
    </testcase>
  </testsuite>
  <testsuite name="sampleGlm" timestamp="2024-10-10T21:52:25Z" hostname="434063606bc3" tests="4" skipped="0" failures="0" errors="0" time="0.731">
    <testcase time="0.0309999999999988" classname="sampleGlm" name="sampleGlm_works_with_default_arguments"/>
    <testcase time="0.693000000000001" classname="sampleGlm" name="sampleGlm_works_with_default_arguments"/>
    <testcase time="0.00399999999999956" classname="sampleGlm" name="sampleGlm_works_with_default_arguments"/>
    <testcase time="0.00300000000000011" classname="sampleGlm" name="sampleGlm_works_with_default_arguments"/>
  </testsuite>
</testsuites>
