<?xml version="1.0" encoding="UTF-8"?>
<testsuites>
  <testsuite name="coxTBF" timestamp="2024-10-11T20:45:06Z" hostname="997a6ee5f6b2" tests="7" skipped="0" failures="0" errors="0" time="6.885">
    <testcase time="1.556" classname="coxTBF" name="coxTBF_works_with_uc_terms"/>
    <testcase time="1.332" classname="coxTBF" name="coxTBF_works_with_bfp_terms"/>
    <testcase time="0.702" classname="coxTBF" name="coxTBF_works_with_globalEB"/>
    <testcase time="0.263999999999999" classname="coxTBF" name="coxTBF_works_with_BIC"/>
    <testcase time="1.074" classname="coxTBF" name="coxTBF_works_with_type_BMA"/>
    <testcase time="0.986000000000001" classname="coxTBF" name="coxTBF_works_with_type_MPM"/>
    <testcase time="0.971" classname="coxTBF" name="coxTBF_works_with_type_MAP"/>
  </testsuite>
  <testsuite name="glmBayesMfp" timestamp="2024-10-11T20:45:13Z" hostname="997a6ee5f6b2" tests="8" skipped="0" failures="0" errors="0" time="1.089">
    <testcase time="0.0299999999999994" classname="glmBayesMfp" name="glmBayesMfp_works_with_bfp"/>
    <testcase time="0.517000000000001" classname="glmBayesMfp" name="glmBayesMfp_works_with_bfp"/>
    <testcase time="0.00199999999999889" classname="glmBayesMfp" name="glmBayesMfp_works_with_bfp"/>
    <testcase time="0.00399999999999956" classname="glmBayesMfp" name="glmBayesMfp_works_with_bfp"/>
    <testcase time="0.0129999999999999" classname="glmBayesMfp" name="glmBayesMfp_works_with_marginal_likelihood"/>
    <testcase time="0.516" classname="glmBayesMfp" name="glmBayesMfp_works_with_marginal_likelihood"/>
    <testcase time="0.00300000000000011" classname="glmBayesMfp" name="glmBayesMfp_works_with_marginal_likelihood"/>
    <testcase time="0.00400000000000134" classname="glmBayesMfp" name="glmBayesMfp_works_with_marginal_likelihood"/>
  </testsuite>
  <testsuite name="optimization" timestamp="2024-10-11T20:45:14Z" hostname="997a6ee5f6b2" tests="4" skipped="0" failures="0" errors="0" time="0.058">
    <testcase time="0.048" classname="optimization" name="optimization_routines_work_correctly"/>
    <testcase time="0.00300000000000011" classname="optimization" name="optimization_routines_work_correctly"/>
    <testcase time="0.00399999999999956" classname="optimization" name="optimization_routines_work_correctly"/>
    <testcase time="0.00300000000000011" classname="optimization" name="optimization_routines_work_correctly"/>
  </testsuite>
  <testsuite name="predictCoxTBF" timestamp="2024-10-11T20:45:14Z" hostname="997a6ee5f6b2" tests="3" skipped="0" failures="0" errors="0" time="1.212">
    <testcase time="0.818" classname="predictCoxTBF" name="coxTBF_works_with_uc_terms"/>
    <testcase time="0.366" classname="predictCoxTBF" name="predict_works_with_coxTBF_with_sep_TRUE"/>
    <testcase time="0.0280000000000005" classname="predictCoxTBF" name="predict.TBFcox.BMA_works"/>
  </testsuite>
  <testsuite name="sampleGlm" timestamp="2024-10-11T20:45:15Z" hostname="997a6ee5f6b2" tests="4" skipped="0" failures="0" errors="0" time="0.731">
    <testcase time="0.0199999999999996" classname="sampleGlm" name="sampleGlm_works_with_default_arguments"/>
    <testcase time="0.705" classname="sampleGlm" name="sampleGlm_works_with_default_arguments"/>
    <testcase time="0.00300000000000011" classname="sampleGlm" name="sampleGlm_works_with_default_arguments"/>
    <testcase time="0.00300000000000011" classname="sampleGlm" name="sampleGlm_works_with_default_arguments"/>
  </testsuite>
</testsuites>
