<?xml version="1.0" encoding="UTF-8"?>
<testsuites>
  <testsuite name="coxTBF" timestamp="2024-10-15T20:43:15Z" hostname="27c3285c8df5" tests="7" skipped="0" failures="0" errors="0" time="6.199">
    <testcase time="1.47" classname="coxTBF" name="coxTBF_works_with_uc_terms"/>
    <testcase time="1.27" classname="coxTBF" name="coxTBF_works_with_bfp_terms"/>
    <testcase time="0.578" classname="coxTBF" name="coxTBF_works_with_globalEB"/>
    <testcase time="0.238" classname="coxTBF" name="coxTBF_works_with_BIC"/>
    <testcase time="0.887" classname="coxTBF" name="coxTBF_works_with_type_BMA"/>
    <testcase time="0.888" classname="coxTBF" name="coxTBF_works_with_type_MPM"/>
    <testcase time="0.868" classname="coxTBF" name="coxTBF_works_with_type_MAP"/>
  </testsuite>
  <testsuite name="evalZdensity" timestamp="2024-10-15T20:43:21Z" hostname="27c3285c8df5" tests="2" skipped="0" failures="0" errors="0" time="0.56">
    <testcase time="0.0289999999999999" classname="evalZdensity" name="evalZdensity_works"/>
    <testcase time="0.531" classname="evalZdensity" name="evalZdensity_works"/>
  </testsuite>
  <testsuite name="glmBayesMfp" timestamp="2024-10-15T20:43:21Z" hostname="27c3285c8df5" tests="8" skipped="0" failures="0" errors="0" time="1.072">
    <testcase time="0.0229999999999997" classname="glmBayesMfp" name="glmBayesMfp_works_with_bfp"/>
    <testcase time="0.515000000000001" classname="glmBayesMfp" name="glmBayesMfp_works_with_bfp"/>
    <testcase time="0.00200000000000067" classname="glmBayesMfp" name="glmBayesMfp_works_with_bfp"/>
    <testcase time="0.00399999999999956" classname="glmBayesMfp" name="glmBayesMfp_works_with_bfp"/>
    <testcase time="0.00999999999999979" classname="glmBayesMfp" name="glmBayesMfp_works_with_marginal_likelihood"/>
    <testcase time="0.510999999999999" classname="glmBayesMfp" name="glmBayesMfp_works_with_marginal_likelihood"/>
    <testcase time="0.00300000000000011" classname="glmBayesMfp" name="glmBayesMfp_works_with_marginal_likelihood"/>
    <testcase time="0.00400000000000134" classname="glmBayesMfp" name="glmBayesMfp_works_with_marginal_likelihood"/>
  </testsuite>
  <testsuite name="hpds" timestamp="2024-10-15T20:43:22Z" hostname="27c3285c8df5" tests="3" skipped="0" failures="0" errors="0" time="0.491">
    <testcase time="0.161" classname="hpds" name="empiricalHpd_works"/>
    <testcase time="0.325999999999999" classname="hpds" name="scrHpd_works"/>
    <testcase time="0.00400000000000134" classname="hpds" name="scrHpd_works"/>
  </testsuite>
  <testsuite name="optimization" timestamp="2024-10-15T20:43:23Z" hostname="27c3285c8df5" tests="4" skipped="0" failures="0" errors="0" time="0.045">
    <testcase time="0.0359999999999996" classname="optimization" name="optimization_routines_work_correctly"/>
    <testcase time="0.00300000000000011" classname="optimization" name="optimization_routines_work_correctly"/>
    <testcase time="0.00300000000000011" classname="optimization" name="optimization_routines_work_correctly"/>
    <testcase time="0.00300000000000011" classname="optimization" name="optimization_routines_work_correctly"/>
  </testsuite>
  <testsuite name="predictCoxTBF" timestamp="2024-10-15T20:43:23Z" hostname="27c3285c8df5" tests="3" skipped="0" failures="0" errors="0" time="1.132">
    <testcase time="0.738" classname="predictCoxTBF" name="coxTBF_works_with_uc_terms"/>
    <testcase time="0.357000000000001" classname="predictCoxTBF" name="predict_works_with_coxTBF_with_sep_TRUE"/>
    <testcase time="0.0370000000000008" classname="predictCoxTBF" name="predict.TBFcox.BMA_works"/>
  </testsuite>
  <testsuite name="sampleGlm" timestamp="2024-10-15T20:43:24Z" hostname="27c3285c8df5" tests="4" skipped="0" failures="0" errors="0" time="0.718">
    <testcase time="0.0109999999999992" classname="sampleGlm" name="sampleGlm_works_with_default_arguments"/>
    <testcase time="0.699" classname="sampleGlm" name="sampleGlm_works_with_default_arguments"/>
    <testcase time="0.00399999999999956" classname="sampleGlm" name="sampleGlm_works_with_default_arguments"/>
    <testcase time="0.00400000000000134" classname="sampleGlm" name="sampleGlm_works_with_default_arguments"/>
  </testsuite>
  <testsuite name="testCox" timestamp="2024-10-15T20:43:25Z" hostname="27c3285c8df5" tests="3" skipped="0" failures="0" errors="0" time="0.023">
    <testcase time="0.0179999999999989" classname="testCox" name="testCox_works"/>
    <testcase time="0.00300000000000011" classname="testCox" name="testCox_works"/>
    <testcase time="0.00200000000000067" classname="testCox" name="testCox_works"/>
  </testsuite>
</testsuites>
