<?xml version="1.0" encoding="UTF-8"?>
<testsuites>
  <testsuite name="coxTBF" timestamp="2024-10-10T22:18:16Z" hostname="9ffd5f4c5253" tests="7" skipped="0" failures="0" errors="0" time="6.363">
    <testcase time="1.552" classname="coxTBF" name="coxTBF_works_with_uc_terms"/>
    <testcase time="1.313" classname="coxTBF" name="coxTBF_works_with_bfp_terms"/>
    <testcase time="0.525" classname="coxTBF" name="coxTBF_works_with_globalEB"/>
    <testcase time="0.262" classname="coxTBF" name="coxTBF_works_with_BIC"/>
    <testcase time="0.906" classname="coxTBF" name="coxTBF_works_with_type_BMA"/>
    <testcase time="0.984" classname="coxTBF" name="coxTBF_works_with_type_MPM"/>
    <testcase time="0.821000000000001" classname="coxTBF" name="coxTBF_works_with_type_MAP"/>
  </testsuite>
  <testsuite name="glmBayesMfp" timestamp="2024-10-10T22:18:22Z" hostname="9ffd5f4c5253" tests="8" skipped="0" failures="0" errors="0" time="1.097">
    <testcase time="0.0279999999999996" classname="glmBayesMfp" name="glmBayesMfp_works_with_bfp"/>
    <testcase time="0.532" classname="glmBayesMfp" name="glmBayesMfp_works_with_bfp"/>
    <testcase time="0.00300000000000011" classname="glmBayesMfp" name="glmBayesMfp_works_with_bfp"/>
    <testcase time="0.00400000000000045" classname="glmBayesMfp" name="glmBayesMfp_works_with_bfp"/>
    <testcase time="0.0119999999999996" classname="glmBayesMfp" name="glmBayesMfp_works_with_marginal_likelihood"/>
    <testcase time="0.510999999999999" classname="glmBayesMfp" name="glmBayesMfp_works_with_marginal_likelihood"/>
    <testcase time="0.00300000000000011" classname="glmBayesMfp" name="glmBayesMfp_works_with_marginal_likelihood"/>
    <testcase time="0.00400000000000134" classname="glmBayesMfp" name="glmBayesMfp_works_with_marginal_likelihood"/>
  </testsuite>
  <testsuite name="optimization" timestamp="2024-10-10T22:18:23Z" hostname="9ffd5f4c5253" tests="4" skipped="0" failures="0" errors="0" time="0.055">
    <testcase time="0.0469999999999988" classname="optimization" name="optimization_routines_work_correctly"/>
    <testcase time="0.00200000000000067" classname="optimization" name="optimization_routines_work_correctly"/>
    <testcase time="0.00300000000000011" classname="optimization" name="optimization_routines_work_correctly"/>
    <testcase time="0.00300000000000011" classname="optimization" name="optimization_routines_work_correctly"/>
  </testsuite>
  <testsuite name="predictCoxTBF" timestamp="2024-10-10T22:18:23Z" hostname="9ffd5f4c5253" tests="3" skipped="0" failures="0" errors="0" time="1.212">
    <testcase time="0.821999999999999" classname="predictCoxTBF" name="coxTBF_works_with_uc_terms"/>
    <testcase time="0.362" classname="predictCoxTBF" name="predict_works_with_coxTBF_with_sep_TRUE"/>
    <testcase time="0.0280000000000005" classname="predictCoxTBF" name="predict.TBFcox.BMA_works"/>
  </testsuite>
  <testsuite name="sampleGlm" timestamp="2024-10-10T22:18:25Z" hostname="9ffd5f4c5253" tests="4" skipped="0" failures="0" errors="0" time="0.713">
    <testcase time="0.0109999999999992" classname="sampleGlm" name="sampleGlm_works_with_default_arguments"/>
    <testcase time="0.695" classname="sampleGlm" name="sampleGlm_works_with_default_arguments"/>
    <testcase time="0.00400000000000134" classname="sampleGlm" name="sampleGlm_works_with_default_arguments"/>
    <testcase time="0.00299999999999834" classname="sampleGlm" name="sampleGlm_works_with_default_arguments"/>
  </testsuite>
</testsuites>
