<?xml version="1.0" encoding="UTF-8"?>
<testsuites>
  <testsuite name="coxTBF" timestamp="2024-10-15T21:07:28Z" hostname="f96fdb1a3c38" tests="7" skipped="0" failures="0" errors="0" time="6.346">
    <testcase time="1.561" classname="coxTBF" name="coxTBF_works_with_uc_terms"/>
    <testcase time="1.321" classname="coxTBF" name="coxTBF_works_with_bfp_terms"/>
    <testcase time="0.583" classname="coxTBF" name="coxTBF_works_with_globalEB"/>
    <testcase time="0.238" classname="coxTBF" name="coxTBF_works_with_BIC"/>
    <testcase time="1.042" classname="coxTBF" name="coxTBF_works_with_type_BMA"/>
    <testcase time="0.875" classname="coxTBF" name="coxTBF_works_with_type_MPM"/>
    <testcase time="0.726" classname="coxTBF" name="coxTBF_works_with_type_MAP"/>
  </testsuite>
  <testsuite name="evalZdensity" timestamp="2024-10-15T21:07:34Z" hostname="f96fdb1a3c38" tests="2" skipped="0" failures="0" errors="0" time="0.557">
    <testcase time="0.0279999999999996" classname="evalZdensity" name="evalZdensity_works"/>
    <testcase time="0.529" classname="evalZdensity" name="evalZdensity_works"/>
  </testsuite>
  <testsuite name="glmBayesMfp" timestamp="2024-10-15T21:07:35Z" hostname="f96fdb1a3c38" tests="8" skipped="0" failures="0" errors="0" time="1.065">
    <testcase time="0.0230000000000006" classname="glmBayesMfp" name="glmBayesMfp_works_with_bfp"/>
    <testcase time="0.508999999999999" classname="glmBayesMfp" name="glmBayesMfp_works_with_bfp"/>
    <testcase time="0.00300000000000011" classname="glmBayesMfp" name="glmBayesMfp_works_with_bfp"/>
    <testcase time="0.00399999999999956" classname="glmBayesMfp" name="glmBayesMfp_works_with_bfp"/>
    <testcase time="0.00900000000000034" classname="glmBayesMfp" name="glmBayesMfp_works_with_marginal_likelihood"/>
    <testcase time="0.51" classname="glmBayesMfp" name="glmBayesMfp_works_with_marginal_likelihood"/>
    <testcase time="0.00200000000000067" classname="glmBayesMfp" name="glmBayesMfp_works_with_marginal_likelihood"/>
    <testcase time="0.00500000000000078" classname="glmBayesMfp" name="glmBayesMfp_works_with_marginal_likelihood"/>
  </testsuite>
  <testsuite name="hpds" timestamp="2024-10-15T21:07:36Z" hostname="f96fdb1a3c38" tests="3" skipped="0" failures="0" errors="0" time="0.511">
    <testcase time="0.159999999999998" classname="hpds" name="empiricalHpd_works"/>
    <testcase time="0.347000000000001" classname="hpds" name="scrHpd_works"/>
    <testcase time="0.00399999999999956" classname="hpds" name="scrHpd_works"/>
  </testsuite>
  <testsuite name="optimization" timestamp="2024-10-15T21:07:37Z" hostname="f96fdb1a3c38" tests="4" skipped="0" failures="0" errors="0" time="0.046">
    <testcase time="0.0370000000000008" classname="optimization" name="optimization_routines_work_correctly"/>
    <testcase time="0.00299999999999834" classname="optimization" name="optimization_routines_work_correctly"/>
    <testcase time="0.00300000000000011" classname="optimization" name="optimization_routines_work_correctly"/>
    <testcase time="0.00300000000000011" classname="optimization" name="optimization_routines_work_correctly"/>
  </testsuite>
  <testsuite name="predictCoxTBF" timestamp="2024-10-15T21:07:37Z" hostname="f96fdb1a3c38" tests="3" skipped="0" failures="0" errors="0" time="1.263">
    <testcase time="0.874000000000001" classname="predictCoxTBF" name="coxTBF_works_with_uc_terms"/>
    <testcase time="0.355" classname="predictCoxTBF" name="predict_works_with_coxTBF_with_sep_TRUE"/>
    <testcase time="0.0339999999999989" classname="predictCoxTBF" name="predict.TBFcox.BMA_works"/>
  </testsuite>
  <testsuite name="sampleGlm" timestamp="2024-10-15T21:07:38Z" hostname="f96fdb1a3c38" tests="4" skipped="0" failures="0" errors="0" time="0.7">
    <testcase time="0.011000000000001" classname="sampleGlm" name="sampleGlm_works_with_default_arguments"/>
    <testcase time="0.683" classname="sampleGlm" name="sampleGlm_works_with_default_arguments"/>
    <testcase time="0.00300000000000011" classname="sampleGlm" name="sampleGlm_works_with_default_arguments"/>
    <testcase time="0.00300000000000011" classname="sampleGlm" name="sampleGlm_works_with_default_arguments"/>
  </testsuite>
  <testsuite name="testCox" timestamp="2024-10-15T21:07:39Z" hostname="f96fdb1a3c38" tests="3" skipped="0" failures="0" errors="0" time="0.021">
    <testcase time="0.016" classname="testCox" name="testCox_works"/>
    <testcase time="0.00300000000000011" classname="testCox" name="testCox_works"/>
    <testcase time="0.00199999999999889" classname="testCox" name="testCox_works"/>
  </testsuite>
</testsuites>
