<?xml version="1.0" encoding="UTF-8"?>
<testsuites>
  <testsuite name="coxTBF" timestamp="2024-10-15T20:59:08Z" hostname="a753d2e20b6d" tests="7" skipped="0" failures="0" errors="0" time="6.524">
    <testcase time="1.63" classname="coxTBF" name="coxTBF_works_with_uc_terms"/>
    <testcase time="1.357" classname="coxTBF" name="coxTBF_works_with_bfp_terms"/>
    <testcase time="0.61" classname="coxTBF" name="coxTBF_works_with_globalEB"/>
    <testcase time="0.243" classname="coxTBF" name="coxTBF_works_with_BIC"/>
    <testcase time="1.064" classname="coxTBF" name="coxTBF_works_with_type_BMA"/>
    <testcase time="0.891" classname="coxTBF" name="coxTBF_works_with_type_MPM"/>
    <testcase time="0.729" classname="coxTBF" name="coxTBF_works_with_type_MAP"/>
  </testsuite>
  <testsuite name="evalZdensity" timestamp="2024-10-15T20:59:15Z" hostname="a753d2e20b6d" tests="2" skipped="0" failures="0" errors="0" time="0.56">
    <testcase time="0.0279999999999996" classname="evalZdensity" name="evalZdensity_works"/>
    <testcase time="0.532000000000001" classname="evalZdensity" name="evalZdensity_works"/>
  </testsuite>
  <testsuite name="glmBayesMfp" timestamp="2024-10-15T20:59:15Z" hostname="a753d2e20b6d" tests="8" skipped="0" failures="0" errors="0" time="1.068">
    <testcase time="0.0229999999999997" classname="glmBayesMfp" name="glmBayesMfp_works_with_bfp"/>
    <testcase time="0.51" classname="glmBayesMfp" name="glmBayesMfp_works_with_bfp"/>
    <testcase time="0.00300000000000011" classname="glmBayesMfp" name="glmBayesMfp_works_with_bfp"/>
    <testcase time="0.00399999999999956" classname="glmBayesMfp" name="glmBayesMfp_works_with_bfp"/>
    <testcase time="0.00900000000000034" classname="glmBayesMfp" name="glmBayesMfp_works_with_marginal_likelihood"/>
    <testcase time="0.512" classname="glmBayesMfp" name="glmBayesMfp_works_with_marginal_likelihood"/>
    <testcase time="0.00300000000000011" classname="glmBayesMfp" name="glmBayesMfp_works_with_marginal_likelihood"/>
    <testcase time="0.00399999999999956" classname="glmBayesMfp" name="glmBayesMfp_works_with_marginal_likelihood"/>
  </testsuite>
  <testsuite name="hpds" timestamp="2024-10-15T20:59:16Z" hostname="a753d2e20b6d" tests="3" skipped="0" failures="0" errors="0" time="0.507">
    <testcase time="0.16" classname="hpds" name="empiricalHpd_works"/>
    <testcase time="0.343" classname="hpds" name="scrHpd_works"/>
    <testcase time="0.00399999999999956" classname="hpds" name="scrHpd_works"/>
  </testsuite>
  <testsuite name="optimization" timestamp="2024-10-15T20:59:17Z" hostname="a753d2e20b6d" tests="4" skipped="0" failures="0" errors="0" time="0.044">
    <testcase time="0.0359999999999996" classname="optimization" name="optimization_routines_work_correctly"/>
    <testcase time="0.00200000000000067" classname="optimization" name="optimization_routines_work_correctly"/>
    <testcase time="0.00300000000000011" classname="optimization" name="optimization_routines_work_correctly"/>
    <testcase time="0.00300000000000011" classname="optimization" name="optimization_routines_work_correctly"/>
  </testsuite>
  <testsuite name="predictCoxTBF" timestamp="2024-10-15T20:59:17Z" hostname="a753d2e20b6d" tests="3" skipped="0" failures="0" errors="0" time="1.275">
    <testcase time="0.889999999999999" classname="predictCoxTBF" name="coxTBF_works_with_uc_terms"/>
    <testcase time="0.350000000000001" classname="predictCoxTBF" name="predict_works_with_coxTBF_with_sep_TRUE"/>
    <testcase time="0.0350000000000001" classname="predictCoxTBF" name="predict.TBFcox.BMA_works"/>
  </testsuite>
  <testsuite name="sampleGlm" timestamp="2024-10-15T20:59:18Z" hostname="a753d2e20b6d" tests="4" skipped="0" failures="0" errors="0" time="0.703">
    <testcase time="0.0109999999999992" classname="sampleGlm" name="sampleGlm_works_with_default_arguments"/>
    <testcase time="0.685" classname="sampleGlm" name="sampleGlm_works_with_default_arguments"/>
    <testcase time="0.00399999999999956" classname="sampleGlm" name="sampleGlm_works_with_default_arguments"/>
    <testcase time="0.00300000000000011" classname="sampleGlm" name="sampleGlm_works_with_default_arguments"/>
  </testsuite>
  <testsuite name="testCox" timestamp="2024-10-15T20:59:19Z" hostname="a753d2e20b6d" tests="3" skipped="0" failures="0" errors="0" time="0.023">
    <testcase time="0.0179999999999989" classname="testCox" name="testCox_works"/>
    <testcase time="0.00300000000000011" classname="testCox" name="testCox_works"/>
    <testcase time="0.00200000000000067" classname="testCox" name="testCox_works"/>
  </testsuite>
</testsuites>
