<?xml version="1.0" encoding="UTF-8"?>
<testsuites>
  <testsuite name="coxTBF" timestamp="2024-10-10T22:10:37Z" hostname="3569b07e8e7f" tests="7" skipped="0" failures="0" errors="0" time="6.597">
    <testcase time="1.619" classname="coxTBF" name="coxTBF_works_with_uc_terms"/>
    <testcase time="1.536" classname="coxTBF" name="coxTBF_works_with_bfp_terms"/>
    <testcase time="0.488" classname="coxTBF" name="coxTBF_works_with_globalEB"/>
    <testcase time="0.256" classname="coxTBF" name="coxTBF_works_with_BIC"/>
    <testcase time="1.076" classname="coxTBF" name="coxTBF_works_with_type_BMA"/>
    <testcase time="0.897" classname="coxTBF" name="coxTBF_works_with_type_MPM"/>
    <testcase time="0.725" classname="coxTBF" name="coxTBF_works_with_type_MAP"/>
  </testsuite>
  <testsuite name="glmBayesMfp" timestamp="2024-10-10T22:10:44Z" hostname="3569b07e8e7f" tests="8" skipped="0" failures="0" errors="0" time="1.12">
    <testcase time="0.0300000000000002" classname="glmBayesMfp" name="glmBayesMfp_works_with_bfp"/>
    <testcase time="0.532" classname="glmBayesMfp" name="glmBayesMfp_works_with_bfp"/>
    <testcase time="0.00300000000000011" classname="glmBayesMfp" name="glmBayesMfp_works_with_bfp"/>
    <testcase time="0.00399999999999956" classname="glmBayesMfp" name="glmBayesMfp_works_with_bfp"/>
    <testcase time="0.0120000000000005" classname="glmBayesMfp" name="glmBayesMfp_works_with_marginal_likelihood"/>
    <testcase time="0.531000000000001" classname="glmBayesMfp" name="glmBayesMfp_works_with_marginal_likelihood"/>
    <testcase time="0.00300000000000011" classname="glmBayesMfp" name="glmBayesMfp_works_with_marginal_likelihood"/>
    <testcase time="0.00499999999999901" classname="glmBayesMfp" name="glmBayesMfp_works_with_marginal_likelihood"/>
  </testsuite>
  <testsuite name="optimization" timestamp="2024-10-10T22:10:45Z" hostname="3569b07e8e7f" tests="4" skipped="0" failures="0" errors="0" time="0.057">
    <testcase time="0.048" classname="optimization" name="optimization_routines_work_correctly"/>
    <testcase time="0.00300000000000011" classname="optimization" name="optimization_routines_work_correctly"/>
    <testcase time="0.00300000000000011" classname="optimization" name="optimization_routines_work_correctly"/>
    <testcase time="0.00300000000000011" classname="optimization" name="optimization_routines_work_correctly"/>
  </testsuite>
  <testsuite name="predictCoxTBF" timestamp="2024-10-10T22:10:45Z" hostname="3569b07e8e7f" tests="3" skipped="0" failures="0" errors="0" time="1.15">
    <testcase time="0.747999999999999" classname="predictCoxTBF" name="coxTBF_works_with_uc_terms"/>
    <testcase time="0.374000000000001" classname="predictCoxTBF" name="predict_works_with_coxTBF_with_sep_TRUE"/>
    <testcase time="0.0280000000000005" classname="predictCoxTBF" name="predict.TBFcox.BMA_works"/>
  </testsuite>
  <testsuite name="sampleGlm" timestamp="2024-10-10T22:10:46Z" hostname="3569b07e8e7f" tests="4" skipped="0" failures="0" errors="0" time="0.727">
    <testcase time="0.0120000000000005" classname="sampleGlm" name="sampleGlm_works_with_default_arguments"/>
    <testcase time="0.707999999999998" classname="sampleGlm" name="sampleGlm_works_with_default_arguments"/>
    <testcase time="0.00400000000000134" classname="sampleGlm" name="sampleGlm_works_with_default_arguments"/>
    <testcase time="0.00300000000000011" classname="sampleGlm" name="sampleGlm_works_with_default_arguments"/>
  </testsuite>
</testsuites>
