<?xml version="1.0" encoding="UTF-8"?>
<testsuites>
  <testsuite name="coxTBF" timestamp="2024-10-10T22:18:13Z" hostname="56dbf2d1188a" tests="7" skipped="0" failures="0" errors="0" time="6.243">
    <testcase time="1.509" classname="coxTBF" name="coxTBF_works_with_uc_terms"/>
    <testcase time="1.409" classname="coxTBF" name="coxTBF_works_with_bfp_terms"/>
    <testcase time="0.455" classname="coxTBF" name="coxTBF_works_with_globalEB"/>
    <testcase time="0.246" classname="coxTBF" name="coxTBF_works_with_BIC"/>
    <testcase time="1.057" classname="coxTBF" name="coxTBF_works_with_type_BMA"/>
    <testcase time="0.861" classname="coxTBF" name="coxTBF_works_with_type_MPM"/>
    <testcase time="0.706" classname="coxTBF" name="coxTBF_works_with_type_MAP"/>
  </testsuite>
  <testsuite name="glmBayesMfp" timestamp="2024-10-10T22:18:20Z" hostname="56dbf2d1188a" tests="8" skipped="0" failures="0" errors="0" time="1.045">
    <testcase time="0.0289999999999999" classname="glmBayesMfp" name="glmBayesMfp_works_with_bfp"/>
    <testcase time="0.491000000000001" classname="glmBayesMfp" name="glmBayesMfp_works_with_bfp"/>
    <testcase time="0.00199999999999978" classname="glmBayesMfp" name="glmBayesMfp_works_with_bfp"/>
    <testcase time="0.00400000000000045" classname="glmBayesMfp" name="glmBayesMfp_works_with_bfp"/>
    <testcase time="0.0119999999999996" classname="glmBayesMfp" name="glmBayesMfp_works_with_marginal_likelihood"/>
    <testcase time="0.500999999999999" classname="glmBayesMfp" name="glmBayesMfp_works_with_marginal_likelihood"/>
    <testcase time="0.00200000000000067" classname="glmBayesMfp" name="glmBayesMfp_works_with_marginal_likelihood"/>
    <testcase time="0.00399999999999956" classname="glmBayesMfp" name="glmBayesMfp_works_with_marginal_likelihood"/>
  </testsuite>
  <testsuite name="optimization" timestamp="2024-10-10T22:18:21Z" hostname="56dbf2d1188a" tests="4" skipped="0" failures="0" errors="0" time="0.054">
    <testcase time="0.0460000000000012" classname="optimization" name="optimization_routines_work_correctly"/>
    <testcase time="0.00199999999999889" classname="optimization" name="optimization_routines_work_correctly"/>
    <testcase time="0.00300000000000011" classname="optimization" name="optimization_routines_work_correctly"/>
    <testcase time="0.00300000000000011" classname="optimization" name="optimization_routines_work_correctly"/>
  </testsuite>
  <testsuite name="predictCoxTBF" timestamp="2024-10-10T22:18:21Z" hostname="56dbf2d1188a" tests="3" skipped="0" failures="0" errors="0" time="1.09">
    <testcase time="0.715" classname="predictCoxTBF" name="coxTBF_works_with_uc_terms"/>
    <testcase time="0.349" classname="predictCoxTBF" name="predict_works_with_coxTBF_with_sep_TRUE"/>
    <testcase time="0.0259999999999998" classname="predictCoxTBF" name="predict.TBFcox.BMA_works"/>
  </testsuite>
  <testsuite name="sampleGlm" timestamp="2024-10-10T22:18:22Z" hostname="56dbf2d1188a" tests="4" skipped="0" failures="0" errors="0" time="0.696">
    <testcase time="0.011000000000001" classname="sampleGlm" name="sampleGlm_works_with_default_arguments"/>
    <testcase time="0.677999999999999" classname="sampleGlm" name="sampleGlm_works_with_default_arguments"/>
    <testcase time="0.00399999999999956" classname="sampleGlm" name="sampleGlm_works_with_default_arguments"/>
    <testcase time="0.00300000000000011" classname="sampleGlm" name="sampleGlm_works_with_default_arguments"/>
  </testsuite>
</testsuites>
