<?xml version="1.0" encoding="UTF-8"?>
<testsuites>
  <testsuite name="coxTBF" timestamp="2024-10-15T21:07:28Z" hostname="0195d8e402e1" tests="7" skipped="0" failures="0" errors="0" time="6.223">
    <testcase time="1.455" classname="coxTBF" name="coxTBF_works_with_uc_terms"/>
    <testcase time="1.28" classname="coxTBF" name="coxTBF_works_with_bfp_terms"/>
    <testcase time="0.578" classname="coxTBF" name="coxTBF_works_with_globalEB"/>
    <testcase time="0.241000000000001" classname="coxTBF" name="coxTBF_works_with_BIC"/>
    <testcase time="0.906" classname="coxTBF" name="coxTBF_works_with_type_BMA"/>
    <testcase time="0.89" classname="coxTBF" name="coxTBF_works_with_type_MPM"/>
    <testcase time="0.873" classname="coxTBF" name="coxTBF_works_with_type_MAP"/>
  </testsuite>
  <testsuite name="evalZdensity" timestamp="2024-10-15T21:07:34Z" hostname="0195d8e402e1" tests="2" skipped="0" failures="0" errors="0" time="0.554">
    <testcase time="0.0289999999999999" classname="evalZdensity" name="evalZdensity_works"/>
    <testcase time="0.525" classname="evalZdensity" name="evalZdensity_works"/>
  </testsuite>
  <testsuite name="glmBayesMfp" timestamp="2024-10-15T21:07:35Z" hostname="0195d8e402e1" tests="8" skipped="0" failures="0" errors="0" time="1.062">
    <testcase time="0.0229999999999997" classname="glmBayesMfp" name="glmBayesMfp_works_with_bfp"/>
    <testcase time="0.508" classname="glmBayesMfp" name="glmBayesMfp_works_with_bfp"/>
    <testcase time="0.00300000000000011" classname="glmBayesMfp" name="glmBayesMfp_works_with_bfp"/>
    <testcase time="0.00399999999999956" classname="glmBayesMfp" name="glmBayesMfp_works_with_bfp"/>
    <testcase time="0.00900000000000034" classname="glmBayesMfp" name="glmBayesMfp_works_with_marginal_likelihood"/>
    <testcase time="0.509" classname="glmBayesMfp" name="glmBayesMfp_works_with_marginal_likelihood"/>
    <testcase time="0.00199999999999889" classname="glmBayesMfp" name="glmBayesMfp_works_with_marginal_likelihood"/>
    <testcase time="0.00400000000000134" classname="glmBayesMfp" name="glmBayesMfp_works_with_marginal_likelihood"/>
  </testsuite>
  <testsuite name="hpds" timestamp="2024-10-15T21:07:36Z" hostname="0195d8e402e1" tests="3" skipped="0" failures="0" errors="0" time="0.49">
    <testcase time="0.161" classname="hpds" name="empiricalHpd_works"/>
    <testcase time="0.324999999999999" classname="hpds" name="scrHpd_works"/>
    <testcase time="0.00400000000000134" classname="hpds" name="scrHpd_works"/>
  </testsuite>
  <testsuite name="optimization" timestamp="2024-10-15T21:07:36Z" hostname="0195d8e402e1" tests="4" skipped="0" failures="0" errors="0" time="0.043">
    <testcase time="0.0350000000000001" classname="optimization" name="optimization_routines_work_correctly"/>
    <testcase time="0.00199999999999889" classname="optimization" name="optimization_routines_work_correctly"/>
    <testcase time="0.00300000000000011" classname="optimization" name="optimization_routines_work_correctly"/>
    <testcase time="0.00300000000000011" classname="optimization" name="optimization_routines_work_correctly"/>
  </testsuite>
  <testsuite name="predictCoxTBF" timestamp="2024-10-15T21:07:36Z" hostname="0195d8e402e1" tests="3" skipped="0" failures="0" errors="0" time="1.133">
    <testcase time="0.742000000000001" classname="predictCoxTBF" name="coxTBF_works_with_uc_terms"/>
    <testcase time="0.354999999999999" classname="predictCoxTBF" name="predict_works_with_coxTBF_with_sep_TRUE"/>
    <testcase time="0.0360000000000014" classname="predictCoxTBF" name="predict.TBFcox.BMA_works"/>
  </testsuite>
  <testsuite name="sampleGlm" timestamp="2024-10-15T21:07:37Z" hostname="0195d8e402e1" tests="4" skipped="0" failures="0" errors="0" time="0.722">
    <testcase time="0.0109999999999992" classname="sampleGlm" name="sampleGlm_works_with_default_arguments"/>
    <testcase time="0.705" classname="sampleGlm" name="sampleGlm_works_with_default_arguments"/>
    <testcase time="0.00300000000000011" classname="sampleGlm" name="sampleGlm_works_with_default_arguments"/>
    <testcase time="0.00300000000000011" classname="sampleGlm" name="sampleGlm_works_with_default_arguments"/>
  </testsuite>
  <testsuite name="testCox" timestamp="2024-10-15T21:07:38Z" hostname="0195d8e402e1" tests="3" skipped="0" failures="0" errors="0" time="0.021">
    <testcase time="0.016" classname="testCox" name="testCox_works"/>
    <testcase time="0.00300000000000011" classname="testCox" name="testCox_works"/>
    <testcase time="0.00199999999999889" classname="testCox" name="testCox_works"/>
  </testsuite>
</testsuites>
