<?xml version="1.0" encoding="UTF-8"?>
<testsuites>
  <testsuite name="coxTBF" timestamp="2024-10-10T22:10:37Z" hostname="97793bc78c54" tests="7" skipped="0" failures="0" errors="0" time="5.931">
    <testcase time="1.468" classname="coxTBF" name="coxTBF_works_with_uc_terms"/>
    <testcase time="1.279" classname="coxTBF" name="coxTBF_works_with_bfp_terms"/>
    <testcase time="0.437" classname="coxTBF" name="coxTBF_works_with_globalEB"/>
    <testcase time="0.244000000000001" classname="coxTBF" name="coxTBF_works_with_BIC"/>
    <testcase time="0.885" classname="coxTBF" name="coxTBF_works_with_type_BMA"/>
    <testcase time="0.891" classname="coxTBF" name="coxTBF_works_with_type_MPM"/>
    <testcase time="0.727" classname="coxTBF" name="coxTBF_works_with_type_MAP"/>
  </testsuite>
  <testsuite name="glmBayesMfp" timestamp="2024-10-10T22:10:43Z" hostname="97793bc78c54" tests="8" skipped="0" failures="0" errors="0" time="1.09">
    <testcase time="0.0270000000000001" classname="glmBayesMfp" name="glmBayesMfp_works_with_bfp"/>
    <testcase time="0.523" classname="glmBayesMfp" name="glmBayesMfp_works_with_bfp"/>
    <testcase time="0.00300000000000011" classname="glmBayesMfp" name="glmBayesMfp_works_with_bfp"/>
    <testcase time="0.00400000000000045" classname="glmBayesMfp" name="glmBayesMfp_works_with_bfp"/>
    <testcase time="0.0119999999999996" classname="glmBayesMfp" name="glmBayesMfp_works_with_marginal_likelihood"/>
    <testcase time="0.514" classname="glmBayesMfp" name="glmBayesMfp_works_with_marginal_likelihood"/>
    <testcase time="0.00300000000000011" classname="glmBayesMfp" name="glmBayesMfp_works_with_marginal_likelihood"/>
    <testcase time="0.00399999999999956" classname="glmBayesMfp" name="glmBayesMfp_works_with_marginal_likelihood"/>
  </testsuite>
  <testsuite name="optimization" timestamp="2024-10-10T22:10:44Z" hostname="97793bc78c54" tests="4" skipped="0" failures="0" errors="0" time="0.056">
    <testcase time="0.0470000000000006" classname="optimization" name="optimization_routines_work_correctly"/>
    <testcase time="0.00300000000000011" classname="optimization" name="optimization_routines_work_correctly"/>
    <testcase time="0.00300000000000011" classname="optimization" name="optimization_routines_work_correctly"/>
    <testcase time="0.00300000000000011" classname="optimization" name="optimization_routines_work_correctly"/>
  </testsuite>
  <testsuite name="predictCoxTBF" timestamp="2024-10-10T22:10:44Z" hostname="97793bc78c54" tests="3" skipped="0" failures="0" errors="0" time="1.125">
    <testcase time="0.731999999999999" classname="predictCoxTBF" name="coxTBF_works_with_uc_terms"/>
    <testcase time="0.365" classname="predictCoxTBF" name="predict_works_with_coxTBF_with_sep_TRUE"/>
    <testcase time="0.0280000000000005" classname="predictCoxTBF" name="predict.TBFcox.BMA_works"/>
  </testsuite>
  <testsuite name="sampleGlm" timestamp="2024-10-10T22:10:46Z" hostname="97793bc78c54" tests="4" skipped="0" failures="0" errors="0" time="0.712">
    <testcase time="0.0119999999999987" classname="sampleGlm" name="sampleGlm_works_with_default_arguments"/>
    <testcase time="0.694000000000001" classname="sampleGlm" name="sampleGlm_works_with_default_arguments"/>
    <testcase time="0.00300000000000011" classname="sampleGlm" name="sampleGlm_works_with_default_arguments"/>
    <testcase time="0.00300000000000011" classname="sampleGlm" name="sampleGlm_works_with_default_arguments"/>
  </testsuite>
</testsuites>
