<?xml version="1.0" encoding="UTF-8"?>
<testsuites>
  <testsuite name="coxTBF" timestamp="2024-10-15T19:52:37Z" hostname="5c08cb3c8472" tests="7" skipped="0" failures="0" errors="0" time="6.584">
    <testcase time="1.55" classname="coxTBF" name="coxTBF_works_with_uc_terms"/>
    <testcase time="1.393" classname="coxTBF" name="coxTBF_works_with_bfp_terms"/>
    <testcase time="0.629" classname="coxTBF" name="coxTBF_works_with_globalEB"/>
    <testcase time="0.249000000000001" classname="coxTBF" name="coxTBF_works_with_BIC"/>
    <testcase time="0.927" classname="coxTBF" name="coxTBF_works_with_type_BMA"/>
    <testcase time="0.927" classname="coxTBF" name="coxTBF_works_with_type_MPM"/>
    <testcase time="0.909" classname="coxTBF" name="coxTBF_works_with_type_MAP"/>
  </testsuite>
  <testsuite name="evalZdensity" timestamp="2024-10-15T19:52:43Z" hostname="5c08cb3c8472" tests="2" skipped="0" failures="0" errors="0" time="0.555">
    <testcase time="0.0289999999999999" classname="evalZdensity" name="evalZdensity_works"/>
    <testcase time="0.526000000000001" classname="evalZdensity" name="evalZdensity_works"/>
  </testsuite>
  <testsuite name="glmBayesMfp" timestamp="2024-10-15T19:52:44Z" hostname="5c08cb3c8472" tests="8" skipped="0" failures="0" errors="0" time="1.08">
    <testcase time="0.0249999999999986" classname="glmBayesMfp" name="glmBayesMfp_works_with_bfp"/>
    <testcase time="0.516" classname="glmBayesMfp" name="glmBayesMfp_works_with_bfp"/>
    <testcase time="0.00300000000000011" classname="glmBayesMfp" name="glmBayesMfp_works_with_bfp"/>
    <testcase time="0.00400000000000134" classname="glmBayesMfp" name="glmBayesMfp_works_with_bfp"/>
    <testcase time="0.00999999999999979" classname="glmBayesMfp" name="glmBayesMfp_works_with_marginal_likelihood"/>
    <testcase time="0.513999999999999" classname="glmBayesMfp" name="glmBayesMfp_works_with_marginal_likelihood"/>
    <testcase time="0.00300000000000011" classname="glmBayesMfp" name="glmBayesMfp_works_with_marginal_likelihood"/>
    <testcase time="0.00500000000000078" classname="glmBayesMfp" name="glmBayesMfp_works_with_marginal_likelihood"/>
  </testsuite>
  <testsuite name="optimization" timestamp="2024-10-15T19:52:45Z" hostname="5c08cb3c8472" tests="4" skipped="0" failures="0" errors="0" time="0.048">
    <testcase time="0.0379999999999985" classname="optimization" name="optimization_routines_work_correctly"/>
    <testcase time="0.00300000000000011" classname="optimization" name="optimization_routines_work_correctly"/>
    <testcase time="0.00300000000000011" classname="optimization" name="optimization_routines_work_correctly"/>
    <testcase time="0.00400000000000134" classname="optimization" name="optimization_routines_work_correctly"/>
  </testsuite>
  <testsuite name="predictCoxTBF" timestamp="2024-10-15T19:52:45Z" hostname="5c08cb3c8472" tests="3" skipped="0" failures="0" errors="0" time="1.153">
    <testcase time="0.747999999999999" classname="predictCoxTBF" name="coxTBF_works_with_uc_terms"/>
    <testcase time="0.375999999999999" classname="predictCoxTBF" name="predict_works_with_coxTBF_with_sep_TRUE"/>
    <testcase time="0.0289999999999999" classname="predictCoxTBF" name="predict.TBFcox.BMA_works"/>
  </testsuite>
  <testsuite name="sampleGlm" timestamp="2024-10-15T19:52:46Z" hostname="5c08cb3c8472" tests="4" skipped="0" failures="0" errors="0" time="0.721">
    <testcase time="0.0230000000000015" classname="sampleGlm" name="sampleGlm_works_with_default_arguments"/>
    <testcase time="0.690999999999999" classname="sampleGlm" name="sampleGlm_works_with_default_arguments"/>
    <testcase time="0.00399999999999956" classname="sampleGlm" name="sampleGlm_works_with_default_arguments"/>
    <testcase time="0.00300000000000011" classname="sampleGlm" name="sampleGlm_works_with_default_arguments"/>
  </testsuite>
</testsuites>
