<?xml version="1.0" encoding="UTF-8"?>
<testsuites>
  <testsuite name="coxTBF" timestamp="2024-10-15T21:26:53Z" hostname="fa51f20383c5" tests="7" skipped="0" failures="0" errors="0" time="6.528">
    <testcase time="1.515" classname="coxTBF" name="coxTBF_works_with_uc_terms"/>
    <testcase time="1.333" classname="coxTBF" name="coxTBF_works_with_bfp_terms"/>
    <testcase time="0.689000000000001" classname="coxTBF" name="coxTBF_works_with_globalEB"/>
    <testcase time="0.241" classname="coxTBF" name="coxTBF_works_with_BIC"/>
    <testcase time="0.933" classname="coxTBF" name="coxTBF_works_with_type_BMA"/>
    <testcase time="0.916" classname="coxTBF" name="coxTBF_works_with_type_MPM"/>
    <testcase time="0.901" classname="coxTBF" name="coxTBF_works_with_type_MAP"/>
  </testsuite>
  <testsuite name="evalZdensity" timestamp="2024-10-15T21:27:00Z" hostname="fa51f20383c5" tests="2" skipped="0" failures="0" errors="0" time="0.56">
    <testcase time="0.0309999999999997" classname="evalZdensity" name="evalZdensity_works"/>
    <testcase time="0.529000000000001" classname="evalZdensity" name="evalZdensity_works"/>
  </testsuite>
  <testsuite name="glmBayesMfp" timestamp="2024-10-15T21:27:01Z" hostname="fa51f20383c5" tests="8" skipped="0" failures="0" errors="0" time="1.071">
    <testcase time="0.0239999999999991" classname="glmBayesMfp" name="glmBayesMfp_works_with_bfp"/>
    <testcase time="0.514000000000001" classname="glmBayesMfp" name="glmBayesMfp_works_with_bfp"/>
    <testcase time="0.00300000000000011" classname="glmBayesMfp" name="glmBayesMfp_works_with_bfp"/>
    <testcase time="0.00399999999999956" classname="glmBayesMfp" name="glmBayesMfp_works_with_bfp"/>
    <testcase time="0.00900000000000034" classname="glmBayesMfp" name="glmBayesMfp_works_with_marginal_likelihood"/>
    <testcase time="0.51" classname="glmBayesMfp" name="glmBayesMfp_works_with_marginal_likelihood"/>
    <testcase time="0.00300000000000011" classname="glmBayesMfp" name="glmBayesMfp_works_with_marginal_likelihood"/>
    <testcase time="0.00399999999999956" classname="glmBayesMfp" name="glmBayesMfp_works_with_marginal_likelihood"/>
  </testsuite>
  <testsuite name="hpds" timestamp="2024-10-15T21:27:02Z" hostname="fa51f20383c5" tests="3" skipped="0" failures="0" errors="0" time="0.496">
    <testcase time="0.164" classname="hpds" name="empiricalHpd_works"/>
    <testcase time="0.327999999999999" classname="hpds" name="scrHpd_works"/>
    <testcase time="0.00400000000000134" classname="hpds" name="scrHpd_works"/>
  </testsuite>
  <testsuite name="optimization" timestamp="2024-10-15T21:27:02Z" hostname="fa51f20383c5" tests="4" skipped="0" failures="0" errors="0" time="0.046">
    <testcase time="0.036999999999999" classname="optimization" name="optimization_routines_work_correctly"/>
    <testcase time="0.00300000000000011" classname="optimization" name="optimization_routines_work_correctly"/>
    <testcase time="0.00300000000000011" classname="optimization" name="optimization_routines_work_correctly"/>
    <testcase time="0.00300000000000011" classname="optimization" name="optimization_routines_work_correctly"/>
  </testsuite>
  <testsuite name="predictCoxTBF" timestamp="2024-10-15T21:27:02Z" hostname="fa51f20383c5" tests="3" skipped="0" failures="0" errors="0" time="1.158">
    <testcase time="0.766" classname="predictCoxTBF" name="coxTBF_works_with_uc_terms"/>
    <testcase time="0.353999999999999" classname="predictCoxTBF" name="predict_works_with_coxTBF_with_sep_TRUE"/>
    <testcase time="0.0380000000000003" classname="predictCoxTBF" name="predict.TBFcox.BMA_works"/>
  </testsuite>
  <testsuite name="sampleGlm" timestamp="2024-10-15T21:27:03Z" hostname="fa51f20383c5" tests="4" skipped="0" failures="0" errors="0" time="0.717">
    <testcase time="0.0120000000000005" classname="sampleGlm" name="sampleGlm_works_with_default_arguments"/>
    <testcase time="0.698" classname="sampleGlm" name="sampleGlm_works_with_default_arguments"/>
    <testcase time="0.00399999999999956" classname="sampleGlm" name="sampleGlm_works_with_default_arguments"/>
    <testcase time="0.00300000000000011" classname="sampleGlm" name="sampleGlm_works_with_default_arguments"/>
  </testsuite>
  <testsuite name="testCox" timestamp="2024-10-15T21:27:04Z" hostname="fa51f20383c5" tests="3" skipped="0" failures="0" errors="0" time="0.024">
    <testcase time="0.0190000000000001" classname="testCox" name="testCox_works"/>
    <testcase time="0.00300000000000011" classname="testCox" name="testCox_works"/>
    <testcase time="0.00199999999999889" classname="testCox" name="testCox_works"/>
  </testsuite>
</testsuites>
