<?xml version="1.0" encoding="UTF-8"?>
<testsuites>
  <testsuite name="coxTBF" timestamp="2024-10-15T21:27:20Z" hostname="e412cf825f44" tests="7" skipped="0" failures="0" errors="0" time="6.709">
    <testcase time="1.677" classname="coxTBF" name="coxTBF_works_with_uc_terms"/>
    <testcase time="1.394" classname="coxTBF" name="coxTBF_works_with_bfp_terms"/>
    <testcase time="0.635" classname="coxTBF" name="coxTBF_works_with_globalEB"/>
    <testcase time="0.248" classname="coxTBF" name="coxTBF_works_with_BIC"/>
    <testcase time="1.094" classname="coxTBF" name="coxTBF_works_with_type_BMA"/>
    <testcase time="0.917" classname="coxTBF" name="coxTBF_works_with_type_MPM"/>
    <testcase time="0.744" classname="coxTBF" name="coxTBF_works_with_type_MAP"/>
  </testsuite>
  <testsuite name="evalZdensity" timestamp="2024-10-15T21:27:27Z" hostname="e412cf825f44" tests="2" skipped="0" failures="0" errors="0" time="0.554">
    <testcase time="0.0280000000000005" classname="evalZdensity" name="evalZdensity_works"/>
    <testcase time="0.526" classname="evalZdensity" name="evalZdensity_works"/>
  </testsuite>
  <testsuite name="glmBayesMfp" timestamp="2024-10-15T21:27:27Z" hostname="e412cf825f44" tests="8" skipped="0" failures="0" errors="0" time="1.067">
    <testcase time="0.0240000000000009" classname="glmBayesMfp" name="glmBayesMfp_works_with_bfp"/>
    <testcase time="0.51" classname="glmBayesMfp" name="glmBayesMfp_works_with_bfp"/>
    <testcase time="0.00199999999999889" classname="glmBayesMfp" name="glmBayesMfp_works_with_bfp"/>
    <testcase time="0.00500000000000078" classname="glmBayesMfp" name="glmBayesMfp_works_with_bfp"/>
    <testcase time="0.00900000000000034" classname="glmBayesMfp" name="glmBayesMfp_works_with_marginal_likelihood"/>
    <testcase time="0.51" classname="glmBayesMfp" name="glmBayesMfp_works_with_marginal_likelihood"/>
    <testcase time="0.00300000000000011" classname="glmBayesMfp" name="glmBayesMfp_works_with_marginal_likelihood"/>
    <testcase time="0.00399999999999956" classname="glmBayesMfp" name="glmBayesMfp_works_with_marginal_likelihood"/>
  </testsuite>
  <testsuite name="hpds" timestamp="2024-10-15T21:27:28Z" hostname="e412cf825f44" tests="3" skipped="0" failures="0" errors="0" time="0.518">
    <testcase time="0.163" classname="hpds" name="empiricalHpd_works"/>
    <testcase time="0.350999999999999" classname="hpds" name="scrHpd_works"/>
    <testcase time="0.00400000000000134" classname="hpds" name="scrHpd_works"/>
  </testsuite>
  <testsuite name="optimization" timestamp="2024-10-15T21:27:29Z" hostname="e412cf825f44" tests="4" skipped="0" failures="0" errors="0" time="0.046">
    <testcase time="0.0379999999999985" classname="optimization" name="optimization_routines_work_correctly"/>
    <testcase time="0.00300000000000011" classname="optimization" name="optimization_routines_work_correctly"/>
    <testcase time="0.00200000000000067" classname="optimization" name="optimization_routines_work_correctly"/>
    <testcase time="0.00300000000000011" classname="optimization" name="optimization_routines_work_correctly"/>
  </testsuite>
  <testsuite name="predictCoxTBF" timestamp="2024-10-15T21:27:29Z" hostname="e412cf825f44" tests="3" skipped="0" failures="0" errors="0" time="1.292">
    <testcase time="0.904" classname="predictCoxTBF" name="coxTBF_works_with_uc_terms"/>
    <testcase time="0.352" classname="predictCoxTBF" name="predict_works_with_coxTBF_with_sep_TRUE"/>
    <testcase time="0.0359999999999996" classname="predictCoxTBF" name="predict.TBFcox.BMA_works"/>
  </testsuite>
  <testsuite name="sampleGlm" timestamp="2024-10-15T21:27:30Z" hostname="e412cf825f44" tests="4" skipped="0" failures="0" errors="0" time="0.713">
    <testcase time="0.0120000000000005" classname="sampleGlm" name="sampleGlm_works_with_default_arguments"/>
    <testcase time="0.693999999999999" classname="sampleGlm" name="sampleGlm_works_with_default_arguments"/>
    <testcase time="0.00400000000000134" classname="sampleGlm" name="sampleGlm_works_with_default_arguments"/>
    <testcase time="0.00300000000000011" classname="sampleGlm" name="sampleGlm_works_with_default_arguments"/>
  </testsuite>
  <testsuite name="testCox" timestamp="2024-10-15T21:27:31Z" hostname="e412cf825f44" tests="3" skipped="0" failures="0" errors="0" time="0.023">
    <testcase time="0.0179999999999989" classname="testCox" name="testCox_works"/>
    <testcase time="0.00200000000000067" classname="testCox" name="testCox_works"/>
    <testcase time="0.00300000000000011" classname="testCox" name="testCox_works"/>
  </testsuite>
</testsuites>
